Arguments: 
  C:\Program Files\nodejs\node.exe C:\Program Files (x86)\Yarn\bin\yarn.js

PATH: 
  C:\Program Files\PowerShell\7-preview;C:\WINDOWS\system32;C:\WINDOWS;C:\WINDOWS\System32\Wbem;C:\WINDOWS\System32\WindowsPowerShell\v1.0\;C:\WINDOWS\System32\OpenSSH\;C:\Program Files\Microsoft VS Code\bin;C:\Program Files (x86)\Yarn\bin\;C:\Go\bin;C:\Program Files\Microsoft Network Monitor 3\;%JAVA_HOME%\bin;%JAVA_HOME%\jre\bin;C:\Gradle\gradle-6.8.1\bin;C:\Program Files\PowerShell\7-preview\preview;C:\Program Files\TortoiseGit\bin;C:\Program Files\dotnet\;C:\ProgramData\chocolatey\bin;C:\Users\Administrator\AppData\Local\Programs\Python\Python39;C:\Users\Administrator\AppData\Local\Programs\Python\Python39\Scripts;C:\Program Files\Git\cmd;C:\Program Files\nodejs\;C:\Users\Administrator\AppData\Local\Microsoft\WindowsApps;C:\Users\Administrator\AppData\Local\Yarn\bin;D:\packages\Android\Sdk\platform-tools;C:\Users\Administrator\go\bin;D:\Program Files\LLVM\bin;C:\Program Files\mingw-w64\x86_64-8.1.0-posix-seh-rt_v6-rev0\mingw64\bin;D:\flutter\flutter_windows_1.22.3-stable\flutter\bin;C:\Program Files\AdoptOpenJDK\jdk-11.0.10.9-hotspot\bin;C:\Users\Administrator\AppData\Roaming\npm

Yarn version: 
  1.22.4

Node version: 
  16.13.0

Platform: 
  win32 x64

Trace: 
  Error: ENOENT: no such file or directory, copyfile 'C:\Users\Administrator\AppData\Local\Yarn\Cache\v6\npm-ignore-5.1.9-9ec1a5cbe8e1446ec60d4420060d43aa6e7382fb-integrity\node_modules\ignore\legacy.js' -> 'D:\projects\private\vscode-markdown-extension\node_modules\@typescript-eslint\eslint-plugin\node_modules\ignore\legacy.js'

npm manifest: 
  {
  	"name": "mcswift-mindmap",
  	"displayName": "mcswift-mindmap",
  	"description": "",
  	"version": "0.0.1",
  	"engines": {
  		"vscode": "^1.62.0"
  	},
  	"categories": [
  		"Other"
  	],
  	"activationEvents": [
  		"onCustomEditor:mcswift-mindmap.vscode-mindmap"
  	],
  	"main": "./out/host/index.js",
  	"contributes": {
  		"languages": [
  			{
  				"id": "mcswift-mind-map",
  				"extensions": [
  					".mmm"
  				],
  				"aliases": [
  					"mind-map"
  				]
  			}
  		],
  		"customEditors": [
  			{
  				"viewType": "mcswift-mindmap.vscode-mindmap",
  				"displayName": "MindMap",
  				"selector": [
  					{
  						"filenamePattern": "*.mmm"
  					}
  				],
  				"priority": "default"
  			}
  		]
  	},
  	"scripts": {
  		"dev:client": "vite",
  		"vscode:prepublish": "npm run compile",
  		"compile": "tsc -p ./",
  		"watch":"node scripts/watch.js",
  		"watch:old": "tsc -watch -p ./",
  		"watch:client": "vite build --watch",
  		"watch:host": "vite build --watch",
  		"pretest": "npm run compile && npm run lint",
  		"lint": "eslint src --ext ts",
  		"test": "node ./out/test/runTest.js"
  	},
  	"devDependencies": {
  		"@types/glob": "^7.1.4",
  		"@types/mocha": "^9.0.0",
  		"@types/node": "14.x",
  		"@types/vscode": "^1.62.0",
  		"@typescript-eslint/eslint-plugin": "^5.1.0",
  		"@typescript-eslint/parser": "^5.1.0",
  		"@vscode/test-electron": "^1.6.2",
  		"cross-env": "^7.0.3",
  		"esbuild": "^0.13.13",
  		"eslint": "^8.1.0",
  		"execa": "^5.1.1",
  		"glob": "^7.1.7",
  		"mocha": "^9.1.3",
  		"typescript": "^4.4.4",
  		"vite": "^2.6.14"
  	},
  	"dependencies": {
  		"mind-elixir": "^0.18.1"
  	}
  }

yarn manifest: 
  No manifest

Lockfile: 
  No lockfile
